2024-05-09 14:58:15 0 [Note] Starting MariaDB 10.4.32-MariaDB source revision c4143f909528e3fab0677a28631d10389354c491 as process 26756
2024-05-09 14:58:15 0 [Note] InnoDB: Mutexes and rw_locks use Windows interlocked functions
2024-05-09 14:58:15 0 [Note] InnoDB: Uses event mutexes
2024-05-09 14:58:15 0 [Note] InnoDB: Compressed tables use zlib 1.3
2024-05-09 14:58:15 0 [Note] InnoDB: Number of pools: 1
2024-05-09 14:58:15 0 [Note] InnoDB: Using SSE2 crc32 instructions
2024-05-09 14:58:15 0 [Note] InnoDB: Initializing buffer pool, total size = 16M, instances = 1, chunk size = 16M
2024-05-09 14:58:15 0 [Note] InnoDB: Completed initialization of buffer pool
2024-05-09 14:58:15 0 [Note] InnoDB: Starting crash recovery from checkpoint LSN=300288
2024-05-09 14:58:16 0 [Note] InnoDB: 128 out of 128 rollback segments are active.
2024-05-09 14:58:16 0 [Note] InnoDB: Removed temporary tablespace data file: "ibtmp1"
2024-05-09 14:58:16 0 [Note] InnoDB: Creating shared tablespace for temporary tables
2024-05-09 14:58:16 0 [Note] InnoDB: Setting file 'C:\xampp\mysql\data\ibtmp1' size to 12 MB. Physically writing the file full; Please wait ...
2024-05-09 14:58:16 0 [Note] InnoDB: File 'C:\xampp\mysql\data\ibtmp1' size is now 12 MB.
2024-05-09 14:58:16 0 [Note] InnoDB: Waiting for purge to start
2024-05-09 14:58:16 0 [Note] InnoDB: 10.4.32 started; log sequence number 300297; transaction id 170
2024-05-09 14:58:16 0 [Note] InnoDB: Loading buffer pool(s) from C:\xampp\mysql\data\ib_buffer_pool
2024-05-09 14:58:16 0 [Note] Plugin 'FEEDBACK' is disabled.
2024-05-09 14:58:16 0 [Note] InnoDB: Buffer pool(s) load completed at 240509 14:58:16
2024-05-09 14:58:16 0 [Note] Server socket created on IP: '::'.
2024-05-09 14:58:23 0 [Note] Starting MariaDB 10.4.32-MariaDB source revision c4143f909528e3fab0677a28631d10389354c491 as process 14580
2024-05-09 14:58:23 0 [Note] InnoDB: Mutexes and rw_locks use Windows interlocked functions
2024-05-09 14:58:23 0 [Note] InnoDB: Uses event mutexes
2024-05-09 14:58:23 0 [Note] InnoDB: Compressed tables use zlib 1.3
2024-05-09 14:58:23 0 [Note] InnoDB: Number of pools: 1
2024-05-09 14:58:23 0 [Note] InnoDB: Using SSE2 crc32 instructions
2024-05-09 14:58:23 0 [Note] InnoDB: Initializing buffer pool, total size = 16M, instances = 1, chunk size = 16M
2024-05-09 14:58:23 0 [Note] InnoDB: Completed initialization of buffer pool
2024-05-09 14:58:23 0 [Note] InnoDB: Starting crash recovery from checkpoint LSN=300288
2024-05-09 14:58:24 0 [Note] InnoDB: 128 out of 128 rollback segments are active.
2024-05-09 14:58:24 0 [Note] InnoDB: Removed temporary tablespace data file: "ibtmp1"
2024-05-09 14:58:24 0 [Note] InnoDB: Creating shared tablespace for temporary tables
2024-05-09 14:58:24 0 [Note] InnoDB: Setting file 'C:\xampp\mysql\data\ibtmp1' size to 12 MB. Physically writing the file full; Please wait ...
2024-05-09 14:58:24 0 [Note] InnoDB: File 'C:\xampp\mysql\data\ibtmp1' size is now 12 MB.
2024-05-09 14:58:24 0 [Note] InnoDB: Waiting for purge to start
2024-05-09 14:58:24 0 [Note] InnoDB: 10.4.32 started; log sequence number 300297; transaction id 170
2024-05-09 14:58:24 0 [Note] InnoDB: Loading buffer pool(s) from C:\xampp\mysql\data\ib_buffer_pool
2024-05-09 14:58:24 0 [Note] Plugin 'FEEDBACK' is disabled.
2024-05-09 14:58:24 0 [Note] Server socket created on IP: '::'.
2024-05-09 14:58:35 0 [Note] Starting MariaDB 10.4.32-MariaDB source revision c4143f909528e3fab0677a28631d10389354c491 as process 4592
2024-05-09 14:58:35 0 [Note] InnoDB: Mutexes and rw_locks use Windows interlocked functions
2024-05-09 14:58:35 0 [Note] InnoDB: Uses event mutexes
2024-05-09 14:58:35 0 [Note] InnoDB: Compressed tables use zlib 1.3
2024-05-09 14:58:35 0 [Note] InnoDB: Number of pools: 1
2024-05-09 14:58:35 0 [Note] InnoDB: Using SSE2 crc32 instructions
2024-05-09 14:58:35 0 [Note] InnoDB: Initializing buffer pool, total size = 16M, instances = 1, chunk size = 16M
2024-05-09 14:58:35 0 [Note] InnoDB: Completed initialization of buffer pool
2024-05-09 14:58:35 0 [Note] InnoDB: Starting crash recovery from checkpoint LSN=300288
2024-05-09 14:58:35 0 [Note] InnoDB: 128 out of 128 rollback segments are active.
2024-05-09 14:58:35 0 [Note] InnoDB: Removed temporary tablespace data file: "ibtmp1"
2024-05-09 14:58:35 0 [Note] InnoDB: Creating shared tablespace for temporary tables
2024-05-09 14:58:35 0 [Note] InnoDB: Setting file 'C:\xampp\mysql\data\ibtmp1' size to 12 MB. Physically writing the file full; Please wait ...
2024-05-09 14:58:35 0 [Note] InnoDB: File 'C:\xampp\mysql\data\ibtmp1' size is now 12 MB.
2024-05-09 14:58:35 0 [Note] InnoDB: Waiting for purge to start
2024-05-09 14:58:35 0 [Note] InnoDB: 10.4.32 started; log sequence number 300297; transaction id 170
2024-05-09 14:58:35 0 [Note] InnoDB: Loading buffer pool(s) from C:\xampp\mysql\data\ib_buffer_pool
2024-05-09 14:58:35 0 [Note] Plugin 'FEEDBACK' is disabled.
2024-05-09 14:58:35 0 [Note] Server socket created on IP: '::'.
2024-06-07  1:16:25 0 [Note] Starting MariaDB 10.4.32-MariaDB source revision c4143f909528e3fab0677a28631d10389354c491 as process 10768
2024-06-07  1:16:25 0 [Note] InnoDB: Mutexes and rw_locks use Windows interlocked functions
2024-06-07  1:16:25 0 [Note] InnoDB: Uses event mutexes
2024-06-07  1:16:25 0 [Note] InnoDB: Compressed tables use zlib 1.3
2024-06-07  1:16:25 0 [Note] InnoDB: Number of pools: 1
2024-06-07  1:16:25 0 [Note] InnoDB: Using SSE2 crc32 instructions
2024-06-07  1:16:25 0 [Note] InnoDB: Initializing buffer pool, total size = 16M, instances = 1, chunk size = 16M
2024-06-07  1:16:25 0 [Note] InnoDB: Completed initialization of buffer pool
2024-06-07  1:16:25 0 [Note] InnoDB: Starting crash recovery from checkpoint LSN=300306
2024-06-07  1:16:25 0 [Note] InnoDB: 128 out of 128 rollback segments are active.
2024-06-07  1:16:25 0 [Note] InnoDB: Removed temporary tablespace data file: "ibtmp1"
2024-06-07  1:16:25 0 [Note] InnoDB: Creating shared tablespace for temporary tables
2024-06-07  1:16:25 0 [Note] InnoDB: Setting file 'C:\xampp\mysql\data\ibtmp1' size to 12 MB. Physically writing the file full; Please wait ...
2024-06-07  1:16:25 0 [Note] InnoDB: File 'C:\xampp\mysql\data\ibtmp1' size is now 12 MB.
2024-06-07  1:16:25 0 [Note] InnoDB: Waiting for purge to start
2024-06-07  1:16:25 0 [Note] InnoDB: 10.4.32 started; log sequence number 300315; transaction id 170
2024-06-07  1:16:25 0 [Note] InnoDB: Loading buffer pool(s) from C:\xampp\mysql\data\ib_buffer_pool
2024-06-07  1:16:25 0 [Note] Plugin 'FEEDBACK' is disabled.
2024-06-07  1:16:25 0 [Note] InnoDB: Buffer pool(s) load completed at 240607  1:16:25
2024-06-07  1:16:26 0 [Note] Server socket created on IP: '::'.
2024-06-07 15:08:15 0 [Note] Starting MariaDB 10.4.32-MariaDB source revision c4143f909528e3fab0677a28631d10389354c491 as process 2152
2024-06-07 15:08:15 0 [Note] mysqld.exe: Aria engine: starting recovery
recovered pages: 0% 32% 100% (0.0 seconds); tables to flush: 1 0
 (0.0 seconds); 
2024-06-07 15:08:15 0 [Note] mysqld.exe: Aria engine: recovery done
2024-06-07 15:08:15 0 [Note] InnoDB: Mutexes and rw_locks use Windows interlocked functions
2024-06-07 15:08:15 0 [Note] InnoDB: Uses event mutexes
2024-06-07 15:08:15 0 [Note] InnoDB: Compressed tables use zlib 1.3
2024-06-07 15:08:15 0 [Note] InnoDB: Number of pools: 1
2024-06-07 15:08:15 0 [Note] InnoDB: Using SSE2 crc32 instructions
2024-06-07 15:08:15 0 [Note] InnoDB: Initializing buffer pool, total size = 16M, instances = 1, chunk size = 16M
2024-06-07 15:08:15 0 [Note] InnoDB: Completed initialization of buffer pool
2024-06-07 15:08:15 0 [Note] InnoDB: Starting crash recovery from checkpoint LSN=308855
2024-06-07 15:08:15 0 [Note] InnoDB: 128 out of 128 rollback segments are active.
2024-06-07 15:08:15 0 [Note] InnoDB: Removed temporary tablespace data file: "ibtmp1"
2024-06-07 15:08:15 0 [Note] InnoDB: Creating shared tablespace for temporary tables
2024-06-07 15:08:15 0 [Note] InnoDB: Setting file 'C:\xampp\mysql\data\ibtmp1' size to 12 MB. Physically writing the file full; Please wait ...
2024-06-07 15:08:15 0 [Note] InnoDB: File 'C:\xampp\mysql\data\ibtmp1' size is now 12 MB.
2024-06-07 15:08:15 0 [Note] InnoDB: Waiting for purge to start
2024-06-07 15:08:15 0 [Note] InnoDB: 10.4.32 started; log sequence number 308864; transaction id 208
2024-06-07 15:08:15 0 [Note] InnoDB: Loading buffer pool(s) from C:\xampp\mysql\data\ib_buffer_pool
2024-06-07 15:08:15 0 [Note] Plugin 'FEEDBACK' is disabled.
2024-06-07 15:08:15 0 [Note] InnoDB: Buffer pool(s) load completed at 240607 15:08:15
2024-06-07 15:08:15 0 [Note] Server socket created on IP: '::'.
2024-06-08 15:28:29 0 [Note] Starting MariaDB 10.4.32-MariaDB source revision c4143f909528e3fab0677a28631d10389354c491 as process 18280
2024-06-08 15:28:29 0 [Note] InnoDB: Mutexes and rw_locks use Windows interlocked functions
2024-06-08 15:28:29 0 [Note] InnoDB: Uses event mutexes
2024-06-08 15:28:29 0 [Note] InnoDB: Compressed tables use zlib 1.3
2024-06-08 15:28:29 0 [Note] InnoDB: Number of pools: 1
2024-06-08 15:28:29 0 [Note] InnoDB: Using SSE2 crc32 instructions
2024-06-08 15:28:29 0 [Note] InnoDB: Initializing buffer pool, total size = 16M, instances = 1, chunk size = 16M
2024-06-08 15:28:29 0 [Note] InnoDB: Completed initialization of buffer pool
2024-06-08 15:28:29 0 [Note] InnoDB: Starting crash recovery from checkpoint LSN=325785
2024-06-08 15:28:30 0 [Note] InnoDB: 128 out of 128 rollback segments are active.
2024-06-08 15:28:30 0 [Note] InnoDB: Removed temporary tablespace data file: "ibtmp1"
2024-06-08 15:28:30 0 [Note] InnoDB: Creating shared tablespace for temporary tables
2024-06-08 15:28:30 0 [Note] InnoDB: Setting file 'C:\xampp\mysql\data\ibtmp1' size to 12 MB. Physically writing the file full; Please wait ...
2024-06-08 15:28:30 0 [Note] InnoDB: File 'C:\xampp\mysql\data\ibtmp1' size is now 12 MB.
2024-06-08 15:28:30 0 [Note] InnoDB: Waiting for purge to start
2024-06-08 15:28:30 0 [Note] InnoDB: 10.4.32 started; log sequence number 325794; transaction id 284
2024-06-08 15:28:30 0 [Note] InnoDB: Loading buffer pool(s) from C:\xampp\mysql\data\ib_buffer_pool
2024-06-08 15:28:30 0 [Note] Plugin 'FEEDBACK' is disabled.
2024-06-08 15:28:30 0 [Note] InnoDB: Buffer pool(s) load completed at 240608 15:28:30
2024-06-08 15:28:30 0 [Note] Server socket created on IP: '::'.
2024-06-08 23:13:18 0 [Note] Starting MariaDB 10.4.32-MariaDB source revision c4143f909528e3fab0677a28631d10389354c491 as process 4908
2024-06-08 23:13:18 0 [Note] InnoDB: Mutexes and rw_locks use Windows interlocked functions
2024-06-08 23:13:18 0 [Note] InnoDB: Uses event mutexes
2024-06-08 23:13:18 0 [Note] InnoDB: Compressed tables use zlib 1.3
2024-06-08 23:13:18 0 [Note] InnoDB: Number of pools: 1
2024-06-08 23:13:18 0 [Note] InnoDB: Using SSE2 crc32 instructions
2024-06-08 23:13:18 0 [Note] InnoDB: Initializing buffer pool, total size = 16M, instances = 1, chunk size = 16M
2024-06-08 23:13:18 0 [Note] InnoDB: Completed initialization of buffer pool
2024-06-08 23:13:18 0 [Note] InnoDB: Starting crash recovery from checkpoint LSN=327556
2024-06-08 23:13:18 0 [Note] InnoDB: 128 out of 128 rollback segments are active.
2024-06-08 23:13:18 0 [Note] InnoDB: Removed temporary tablespace data file: "ibtmp1"
2024-06-08 23:13:18 0 [Note] InnoDB: Creating shared tablespace for temporary tables
2024-06-08 23:13:18 0 [Note] InnoDB: Setting file 'C:\xampp\mysql\data\ibtmp1' size to 12 MB. Physically writing the file full; Please wait ...
2024-06-08 23:13:18 0 [Note] InnoDB: File 'C:\xampp\mysql\data\ibtmp1' size is now 12 MB.
2024-06-08 23:13:18 0 [Note] InnoDB: Waiting for purge to start
2024-06-08 23:13:18 0 [Note] InnoDB: 10.4.32 started; log sequence number 327565; transaction id 316
2024-06-08 23:13:18 0 [Note] InnoDB: Loading buffer pool(s) from C:\xampp\mysql\data\ib_buffer_pool
2024-06-08 23:13:18 0 [Note] Plugin 'FEEDBACK' is disabled.
2024-06-08 23:13:18 0 [Note] InnoDB: Buffer pool(s) load completed at 240608 23:13:18
2024-06-08 23:13:18 0 [Note] Server socket created on IP: '::'.
2024-06-10  9:21:14 0 [Note] Starting MariaDB 10.4.32-MariaDB source revision c4143f909528e3fab0677a28631d10389354c491 as process 10928
2024-06-10  9:21:14 0 [Note] InnoDB: Mutexes and rw_locks use Windows interlocked functions
2024-06-10  9:21:14 0 [Note] InnoDB: Uses event mutexes
2024-06-10  9:21:14 0 [Note] InnoDB: Compressed tables use zlib 1.3
2024-06-10  9:21:14 0 [Note] InnoDB: Number of pools: 1
2024-06-10  9:21:14 0 [Note] InnoDB: Using SSE2 crc32 instructions
2024-06-10  9:21:14 0 [Note] InnoDB: Initializing buffer pool, total size = 16M, instances = 1, chunk size = 16M
2024-06-10  9:21:14 0 [Note] InnoDB: Completed initialization of buffer pool
2024-06-10  9:21:14 0 [Note] InnoDB: Starting crash recovery from checkpoint LSN=488633
2024-06-10  9:21:15 0 [Note] InnoDB: 128 out of 128 rollback segments are active.
2024-06-10  9:21:15 0 [Note] InnoDB: Removed temporary tablespace data file: "ibtmp1"
2024-06-10  9:21:15 0 [Note] InnoDB: Creating shared tablespace for temporary tables
2024-06-10  9:21:15 0 [Note] InnoDB: Setting file 'C:\xampp\mysql\data\ibtmp1' size to 12 MB. Physically writing the file full; Please wait ...
2024-06-10  9:21:15 0 [Note] InnoDB: File 'C:\xampp\mysql\data\ibtmp1' size is now 12 MB.
2024-06-10  9:21:15 0 [Note] InnoDB: Waiting for purge to start
2024-06-10  9:21:15 0 [Note] InnoDB: 10.4.32 started; log sequence number 488642; transaction id 425
2024-06-10  9:21:15 0 [Note] InnoDB: Loading buffer pool(s) from C:\xampp\mysql\data\ib_buffer_pool
2024-06-10  9:21:15 0 [Note] Plugin 'FEEDBACK' is disabled.
2024-06-10  9:21:15 0 [Note] InnoDB: Buffer pool(s) load completed at 240610  9:21:15
2024-06-10  9:21:15 0 [Note] Server socket created on IP: '::'.
2024-06-11 19:37:29 0 [Note] Starting MariaDB 10.4.32-MariaDB source revision c4143f909528e3fab0677a28631d10389354c491 as process 16512
2024-06-11 19:37:29 0 [Note] InnoDB: Mutexes and rw_locks use Windows interlocked functions
2024-06-11 19:37:29 0 [Note] InnoDB: Uses event mutexes
2024-06-11 19:37:29 0 [Note] InnoDB: Compressed tables use zlib 1.3
2024-06-11 19:37:29 0 [Note] InnoDB: Number of pools: 1
2024-06-11 19:37:29 0 [Note] InnoDB: Using SSE2 crc32 instructions
2024-06-11 19:37:29 0 [Note] InnoDB: Initializing buffer pool, total size = 16M, instances = 1, chunk size = 16M
2024-06-11 19:37:29 0 [Note] InnoDB: Completed initialization of buffer pool
2024-06-11 19:37:29 0 [Note] InnoDB: Starting crash recovery from checkpoint LSN=489109
2024-06-11 19:37:30 0 [Note] InnoDB: 128 out of 128 rollback segments are active.
2024-06-11 19:37:30 0 [Note] InnoDB: Removed temporary tablespace data file: "ibtmp1"
2024-06-11 19:37:30 0 [Note] InnoDB: Creating shared tablespace for temporary tables
2024-06-11 19:37:30 0 [Note] InnoDB: Setting file 'C:\xampp\mysql\data\ibtmp1' size to 12 MB. Physically writing the file full; Please wait ...
2024-06-11 19:37:30 0 [Note] InnoDB: File 'C:\xampp\mysql\data\ibtmp1' size is now 12 MB.
2024-06-11 19:37:30 0 [Note] InnoDB: Waiting for purge to start
2024-06-11 19:37:30 0 [Note] InnoDB: 10.4.32 started; log sequence number 489118; transaction id 448
2024-06-11 19:37:30 0 [Note] InnoDB: Loading buffer pool(s) from C:\xampp\mysql\data\ib_buffer_pool
2024-06-11 19:37:30 0 [Note] Plugin 'FEEDBACK' is disabled.
2024-06-11 19:37:30 0 [Note] InnoDB: Buffer pool(s) load completed at 240611 19:37:30
2024-06-11 19:37:30 0 [Note] Server socket created on IP: '::'.
